/Users/zanattabulhoes/.local/share/sf/client/2.14.6-1f2724e/bin/node /Users/zanattabulhoes/.local/share/sf/client/2.14.6-1f2724e/bin/run hardis:project:configure:auth --websocket localhost:2734[sfdx-hardis] Updated config file /Users/zanattabulhoes/Desktop/Salesforce/Studies/sfdx-hardis/sfdxHardisProject/config/user/.sfdx-hardis.zanattabulhoes.yml with values: 
{
  "installedApps": [
    "git",
    "openssl"
  ]
}
[sfdx-hardis][command] sfdx force:org:list --json
[sfdx-hardis] 🦙 Please select org login into the org you want to configure the SFDX Authentication ↑↑ Look up in VsCode ↑↑
[sfdx-hardis] Selection done but hidden in log because it contains sensitive information
[sfdx-hardis][command] sfdx config:set defaultusername=gustavo.bulhoes@curious-badger-v5jsxe.com --json
[sfdx-hardis][command] sfdx alias:set MY_ORG=gustavo.bulhoes@curious-badger-v5jsxe.com --json
[sfdx-hardis] Updated config file /Users/zanattabulhoes/Desktop/Salesforce/Studies/sfdx-hardis/sfdxHardisProject/config/user/.sfdx-hardis.zanattabulhoes.yml with values: 
{
  "scratchOrgAlias": null,
  "scratchOrgUsername": null
}
[sfdx-hardis] Org gustavo.bulhoes@curious-badger-v5jsxe.com - https://curious-badger-v5jsxe-dev-ed.trailblaze.my.salesforce.com
[sfdx-hardis][command] sfdx config:get defaultusername --json
[sfdx-hardis][command] sfdx alias:list --json
[sfdx-hardis] 🦙 What is the name of the git branch you want to configure ? Examples: developpement,recette,production ↑↑ Look up in VsCode ↑↑
[sfdx-hardis] {"value":"main"}
[sfdx-hardis] 🦙 What is the base URL or the org you want to connect to, as main related org ? ↑↑ Look up in VsCode ↑↑
[sfdx-hardis] {"value":"https://login.salesforce.com"}
[sfdx-hardis] 🦙 What is the Salesforce username that will be used for deployments by CI server ? Example: admin.sfdx@myclient.com ↑↑ Look up in VsCode ↑↑
[sfdx-hardis] {"value":"gustavo.bulhoes@curious-badger-v5jsxe.com"}
[sfdx-hardis] Updated config file ./config/branches/.sfdx-hardis.main.yml with values: 
{
  "targetUsername": "gustavo.bulhoes@curious-badger-v5jsxe.com",
  "instanceUrl": "https://login.salesforce.com"
}
[sfdx-hardis] Generating SSL certificate...
[sfdx-hardis] 
[sfdx-hardis] 
[sfdx-hardis] 🦙 Do you want sfdx-hardis to configure the SFDX connected app on your org ? (say yes if you don't know) ↑↑ Look up in VsCode ↑↑
[sfdx-hardis] {"value":true}
[sfdx-hardis] You must configure CI variable SFDX_CLIENT_ID_MAIN with value jTZWYLmjaVDiSh1HDlszgqeEYe2jj5kSpIKsJIMKVE9ILiujyv5qEIblwrdtZH9UfDgNJYTXZfhh2ghkWDHtxd+GzqKmyJVug49fdRS6lh3lytWQXQAZXL+
[sfdx-hardis] You must configure CI variable SFDX_CLIENT_KEY_MAIN with value 8c81bc8b9ceeeddfe82a7527f07e5edc
[sfdx-hardis] Help to configure CI variables are here: https://sfdx-hardis.cloudity.com/salesforce-ci-cd-setup-auth/
[sfdx-hardis] 🦙 In GitLab it is in Project -> Settings -> CI/CD -> Variables. Hit ENTER when it is done. If you are not using Gitlab, check link in the console. ↑↑ Look up in VsCode ↑↑
[sfdx-hardis] {"value":false}
[sfdx-hardis] 🦙 How would you like to name the Connected App (ex: sfdx_hardis) ? ↑↑ Look up in VsCode ↑↑
[sfdx-hardis] {"appName":"sfdx_hardis"}
[sfdx-hardis] 🦙 Enter a contact email for the Connect App (ex: nicolas.vuillamy@cloudity.com) ↑↑ Look up in VsCode ↑↑
[sfdx-hardis] {"value":"gustavozbulhoes@gmail.com"}
[sfdx-hardis] Updated config file /Users/zanattabulhoes/Desktop/Salesforce/Studies/sfdx-hardis/sfdxHardisProject/config/user/.sfdx-hardis.zanattabulhoes.yml with values: 
{
  "userEmail": "gustavozbulhoes@gmail.com"
}
[sfdx-hardis] 🦙 What profile will be used for the connected app ? (ex: System Administrator) ↑↑ Look up in VsCode ↑↑
[sfdx-hardis] {"value":"System Administrator"}
[sfdx-hardis] Deploying Connected App sfdx_hardis into target org gustavo.bulhoes@curious-badger-v5jsxe.com ...
[sfdx-hardis] Deploying metadata to gustavo.bulhoes@curious-badger-v5jsxe.com using the v59.0 SOAP API.
Deploy ID: 0AfHs00000d7xsNKAQ

=== Deployed Source

 Type         File                                       Name        Id                 
 ──────────── ────────────────────────────────────────── ─────────── ────────────────── 
              zip/package.xml                            package.xml                    
 ConnectedApp zip/connectedApps/sfdx_hardis.connectedApp sfdx_hardis 09HHs0000004isJMAQ 

[sfdx-hardis] Successfully deployed sfdx_hardis Connected App
[sfdx-hardis] 🦙 You need to verify that rights to profile System Administrator (or related Permission Set) are set on Connected App sfdx_hardis
On the page that will open, find app sfdx_hardis, then click Manage
On the app managing page, click Manage profiles, then check profile System Administrator (or related Permission set)
Hit ENTER when you are ready ↑↑ Look up in VsCode ↑↑
[sfdx-hardis] {"value":true}
[sfdx-hardis][command] sfdx force:org:open -p lightning/setup/NavigationMenus/home
[sfdx-hardis] 🦙 Hit ENTER when the profile right has been manually granted on connected app sfdx_hardis ↑↑ Look up in VsCode ↑↑
[sfdx-hardis] {"value":true}
