/Users/zanattabulhoes/.local/share/sf/client/2.14.6-1f2724e/bin/node /Users/zanattabulhoes/.local/share/sf/client/2.14.6-1f2724e/bin/run hardis:org:configure:monitoring --websocket localhost:2734[sfdx-hardis][command] sfdx force:org:display --json
[sfdx-hardis] You are already connected as gustavo.bulhoes@curious-badger-v5jsxe.com on org https://curious-badger-v5jsxe-dev-ed.trailblaze.my.salesforce.com
[sfdx-hardis] If this is NOT the org you want to play with, hit CTRL+C, then input sfdx hardis:org:select
[sfdx-hardis] Copying default files...
[sfdx-hardis] - If you're using GitLab, ACCESS_TOKEN must be defined in Project -> Settings -> Access Token
    - name: ACCESS_TOKEN
    - scopes: read_repository, write_repository
    - Copy generated token in clipboard (CTRL+C)
- Then define CI variable ACCESS_TOKEN in Project -> Settings -> CI / CD -> Variables
    - name: ACCESS_TOKEN
    - value: Paste token previously generated (CTRL+V)
    - Select "Mask variable", unselect "Protected variable"
[sfdx-hardis] 🦙 Hit ENTER when done (or if previously done on the same repository) ↑↑ Look up in VsCode ↑↑
[sfdx-hardis] {"value":true}
[sfdx-hardis] 🦙 What is the name of the git branch you want to configure ? Examples: developpement,uat,production ↑↑ Look up in VsCode ↑↑
[sfdx-hardis] {"value":"main"}
[sfdx-hardis] 🦙 What is the base URL or the org you want to connect to, as Org to monitor ? ↑↑ Look up in VsCode ↑↑
[sfdx-hardis] {"value":"https://login.salesforce.com"}
[sfdx-hardis] 🦙 What is the username you will use for sfdx in the org you want to monitor ? Example: admin.sfdx@myclient.com ↑↑ Look up in VsCode ↑↑
[sfdx-hardis] {"username":"gustavo.bulhoes@curious-badger-v5jsxe.com"}
[sfdx-hardis] 🦙 If you want notifications of updates in orgs in a Microsoft Teams channel:
- Create the WebHook: https://docs.microsoft.com/fr-fr/microsoftteams/platform/webhooks-and-connectors/how-to/add-incoming-webhook#add-an-incoming-webhook-to-a-teams-channel
- paste the hook Url here
If you do not want Ms Team notifications, just leave empty and hit ENTER ↑↑ Look up in VsCode ↑↑
[sfdx-hardis] {"username":"gustavo.bulhoes@curious-badger-v5jsxe.com"}
[sfdx-hardis] Updated config file ./.sfdx-hardis.yml with values: 
{
  "targetUsername": "gustavo.bulhoes@curious-badger-v5jsxe.com",
  "instanceUrl": "https://login.salesforce.com",
  "msTeamsWebhookUrl": null
}
[sfdx-hardis] Generating SSL certificate...
[sfdx-hardis] 
[sfdx-hardis] 
[sfdx-hardis] 🦙 Do you want sfdx-hardis to configure the SFDX connected app on your org ? (say yes if you don't know) ↑↑ Look up in VsCode ↑↑
[sfdx-hardis] {"value":false}
[sfdx-hardis] Now you can configure the sfdx connected app
[sfdx-hardis] Follow instructions here: https://developer.salesforce.com/docs/atlas.en-us.sfdx_dev.meta/sfdx_dev/sfdx_dev_auth_connected_app.htm
[sfdx-hardis] Use /Users/zanattabulhoes/main.crt as certificate on Connected App configuration page, then delete /Users/zanattabulhoes/main.crt for security
[sfdx-hardis] - configure CI variable SFDX_CLIENT_ID_MAIN with value of ConsumerKey on Connected App configuration page
[sfdx-hardis] - configure CI variable SFDX_CLIENT_KEY_MAIN with value d5e22393afbafe31437557d1cc876323 key
[sfdx-hardis] You can customize monitoring by updating .gitlab-ci-config.yml
[sfdx-hardis] 🦙 Do you want sfdx-hardis to save your configuration on server ? (git stage, commit & push) ↑↑ Look up in VsCode ↑↑
[sfdx-hardis] {"value":true}
